mode: set
github.com/iliadmitriev/go-user-test/internal/app/application.go:28.36,52.2 12 0
github.com/iliadmitriev/go-user-test/internal/app/application.go:54.37,55.15 1 0
github.com/iliadmitriev/go-user-test/internal/app/application.go:55.15,57.3 1 0
github.com/iliadmitriev/go-user-test/internal/app/application.go:59.2,62.34 3 0
github.com/iliadmitriev/go-user-test/internal/app/application.go:62.34,64.3 1 0
github.com/iliadmitriev/go-user-test/internal/app/application.go:66.2,73.34 6 0
github.com/iliadmitriev/go-user-test/internal/app/application.go:73.34,74.13 1 0
github.com/iliadmitriev/go-user-test/internal/app/application.go:74.13,75.52 1 0
github.com/iliadmitriev/go-user-test/internal/app/application.go:75.52,77.5 1 0
github.com/iliadmitriev/go-user-test/internal/app/application.go:79.4,79.13 1 0
github.com/iliadmitriev/go-user-test/internal/app/application.go:83.2,87.12 3 0
github.com/iliadmitriev/go-user-test/internal/app/application.go:90.44,91.16 1 0
github.com/iliadmitriev/go-user-test/internal/app/application.go:91.16,92.13 1 0
github.com/iliadmitriev/go-user-test/internal/app/application.go:94.2,94.11 1 0
github.com/iliadmitriev/go-user-test/internal/config/config.go:17.35,19.19 2 0
github.com/iliadmitriev/go-user-test/internal/config/config.go:19.19,21.3 1 0
github.com/iliadmitriev/go-user-test/internal/config/config.go:23.2,23.44 1 0
github.com/iliadmitriev/go-user-test/internal/config/config.go:23.44,25.3 1 0
github.com/iliadmitriev/go-user-test/internal/config/config.go:27.2,28.59 2 0
github.com/iliadmitriev/go-user-test/internal/config/config.go:28.59,30.3 1 0
github.com/iliadmitriev/go-user-test/internal/config/config.go:32.2,32.18 1 0
github.com/iliadmitriev/go-user-test/internal/config/config.go:35.49,36.16 1 0
github.com/iliadmitriev/go-user-test/internal/config/config.go:36.16,37.13 1 0
github.com/iliadmitriev/go-user-test/internal/config/config.go:39.2,39.12 1 0
github.com/iliadmitriev/go-user-test/internal/service/user.go:27.101,29.16 2 0
github.com/iliadmitriev/go-user-test/internal/service/user.go:29.16,30.49 1 0
github.com/iliadmitriev/go-user-test/internal/service/user.go:30.49,32.4 1 0
github.com/iliadmitriev/go-user-test/internal/service/user.go:32.9,34.4 1 0
github.com/iliadmitriev/go-user-test/internal/service/user.go:37.2,43.8 1 0
github.com/iliadmitriev/go-user-test/internal/service/user.go:46.111,47.79 1 0
github.com/iliadmitriev/go-user-test/internal/service/user.go:47.79,49.3 1 0
github.com/iliadmitriev/go-user-test/internal/service/user.go:51.2,62.77 3 0
github.com/iliadmitriev/go-user-test/internal/service/user.go:62.77,64.3 1 0
github.com/iliadmitriev/go-user-test/internal/service/user.go:66.2,66.49 1 0
github.com/iliadmitriev/go-user-test/internal/service/user.go:69.84,73.2 1 0
github.com/iliadmitriev/go-user-test/internal/server/server.go:25.28,26.23 1 0
github.com/iliadmitriev/go-user-test/internal/server/server.go:26.23,29.77 2 0
github.com/iliadmitriev/go-user-test/internal/server/server.go:29.77,32.4 2 0
github.com/iliadmitriev/go-user-test/internal/server/server.go:34.3,34.60 1 0
github.com/iliadmitriev/go-user-test/internal/server/server.go:38.56,41.2 2 0
github.com/iliadmitriev/go-user-test/internal/server/server.go:43.110,52.2 2 0
github.com/iliadmitriev/go-user-test/internal/mocks/UserRepository.go:21.61,23.2 1 0
github.com/iliadmitriev/go-user-test/internal/mocks/UserRepository.go:26.84,29.19 2 0
github.com/iliadmitriev/go-user-test/internal/mocks/UserRepository.go:29.19,30.52 1 0
github.com/iliadmitriev/go-user-test/internal/mocks/UserRepository.go:33.2,34.74 2 0
github.com/iliadmitriev/go-user-test/internal/mocks/UserRepository.go:34.74,36.3 1 0
github.com/iliadmitriev/go-user-test/internal/mocks/UserRepository.go:36.8,38.3 1 0
github.com/iliadmitriev/go-user-test/internal/mocks/UserRepository.go:40.2,40.11 1 0
github.com/iliadmitriev/go-user-test/internal/mocks/UserRepository.go:51.114,53.2 1 0
github.com/iliadmitriev/go-user-test/internal/mocks/UserRepository.go:55.129,56.40 1 0
github.com/iliadmitriev/go-user-test/internal/mocks/UserRepository.go:56.40,58.3 1 0
github.com/iliadmitriev/go-user-test/internal/mocks/UserRepository.go:59.2,59.11 1 0
github.com/iliadmitriev/go-user-test/internal/mocks/UserRepository.go:62.93,65.2 2 0
github.com/iliadmitriev/go-user-test/internal/mocks/UserRepository.go:67.135,70.2 2 0
github.com/iliadmitriev/go-user-test/internal/mocks/UserRepository.go:73.92,76.19 2 0
github.com/iliadmitriev/go-user-test/internal/mocks/UserRepository.go:76.19,77.49 1 0
github.com/iliadmitriev/go-user-test/internal/mocks/UserRepository.go:80.2,82.84 3 0
github.com/iliadmitriev/go-user-test/internal/mocks/UserRepository.go:82.84,84.3 1 0
github.com/iliadmitriev/go-user-test/internal/mocks/UserRepository.go:85.2,85.75 1 0
github.com/iliadmitriev/go-user-test/internal/mocks/UserRepository.go:85.75,87.3 1 0
github.com/iliadmitriev/go-user-test/internal/mocks/UserRepository.go:87.8,88.24 1 0
github.com/iliadmitriev/go-user-test/internal/mocks/UserRepository.go:88.24,90.4 1 0
github.com/iliadmitriev/go-user-test/internal/mocks/UserRepository.go:93.2,93.68 1 0
github.com/iliadmitriev/go-user-test/internal/mocks/UserRepository.go:93.68,95.3 1 0
github.com/iliadmitriev/go-user-test/internal/mocks/UserRepository.go:95.8,97.3 1 0
github.com/iliadmitriev/go-user-test/internal/mocks/UserRepository.go:99.2,99.15 1 0
github.com/iliadmitriev/go-user-test/internal/mocks/UserRepository.go:110.109,112.2 1 0
github.com/iliadmitriev/go-user-test/internal/mocks/UserRepository.go:114.118,115.40 1 0
github.com/iliadmitriev/go-user-test/internal/mocks/UserRepository.go:115.40,117.3 1 0
github.com/iliadmitriev/go-user-test/internal/mocks/UserRepository.go:118.2,118.11 1 0
github.com/iliadmitriev/go-user-test/internal/mocks/UserRepository.go:121.105,124.2 2 0
github.com/iliadmitriev/go-user-test/internal/mocks/UserRepository.go:126.139,129.2 2 0
github.com/iliadmitriev/go-user-test/internal/mocks/UserRepository.go:136.20,140.19 3 0
github.com/iliadmitriev/go-user-test/internal/mocks/UserRepository.go:140.19,140.49 1 0
github.com/iliadmitriev/go-user-test/internal/mocks/UserRepository.go:142.2,142.13 1 0
github.com/iliadmitriev/go-user-test/internal/repository/user_sqlite.go:21.31,23.2 1 0
github.com/iliadmitriev/go-user-test/internal/repository/user_sqlite.go:36.83,38.16 2 0
github.com/iliadmitriev/go-user-test/internal/repository/user_sqlite.go:38.16,40.3 1 0
github.com/iliadmitriev/go-user-test/internal/repository/user_sqlite.go:42.2,44.103 3 0
github.com/iliadmitriev/go-user-test/internal/repository/user_sqlite.go:44.103,45.36 1 0
github.com/iliadmitriev/go-user-test/internal/repository/user_sqlite.go:45.36,47.4 1 0
github.com/iliadmitriev/go-user-test/internal/repository/user_sqlite.go:49.3,49.18 1 0
github.com/iliadmitriev/go-user-test/internal/repository/user_sqlite.go:52.2,52.19 1 0
github.com/iliadmitriev/go-user-test/internal/repository/user_sqlite.go:55.75,57.16 2 0
github.com/iliadmitriev/go-user-test/internal/repository/user_sqlite.go:57.16,59.3 1 0
github.com/iliadmitriev/go-user-test/internal/repository/user_sqlite.go:60.2,60.12 1 0
github.com/iliadmitriev/go-user-test/internal/app/application.go:28.36,52.2 12 0
github.com/iliadmitriev/go-user-test/internal/app/application.go:54.37,55.15 1 0
github.com/iliadmitriev/go-user-test/internal/app/application.go:55.15,57.3 1 0
github.com/iliadmitriev/go-user-test/internal/app/application.go:59.2,62.34 3 0
github.com/iliadmitriev/go-user-test/internal/app/application.go:62.34,64.3 1 0
github.com/iliadmitriev/go-user-test/internal/app/application.go:66.2,73.34 6 0
github.com/iliadmitriev/go-user-test/internal/app/application.go:73.34,74.13 1 0
github.com/iliadmitriev/go-user-test/internal/app/application.go:74.13,75.52 1 0
github.com/iliadmitriev/go-user-test/internal/app/application.go:75.52,77.5 1 0
github.com/iliadmitriev/go-user-test/internal/app/application.go:79.4,79.13 1 0
github.com/iliadmitriev/go-user-test/internal/app/application.go:83.2,87.12 3 0
github.com/iliadmitriev/go-user-test/internal/app/application.go:90.44,91.16 1 0
github.com/iliadmitriev/go-user-test/internal/app/application.go:91.16,92.13 1 0
github.com/iliadmitriev/go-user-test/internal/app/application.go:94.2,94.11 1 0
github.com/iliadmitriev/go-user-test/internal/config/config.go:17.35,19.19 2 0
github.com/iliadmitriev/go-user-test/internal/config/config.go:19.19,21.3 1 0
github.com/iliadmitriev/go-user-test/internal/config/config.go:23.2,23.44 1 0
github.com/iliadmitriev/go-user-test/internal/config/config.go:23.44,25.3 1 0
github.com/iliadmitriev/go-user-test/internal/config/config.go:27.2,28.59 2 0
github.com/iliadmitriev/go-user-test/internal/config/config.go:28.59,30.3 1 0
github.com/iliadmitriev/go-user-test/internal/config/config.go:32.2,32.18 1 0
github.com/iliadmitriev/go-user-test/internal/config/config.go:35.49,36.16 1 0
github.com/iliadmitriev/go-user-test/internal/config/config.go:36.16,37.13 1 0
github.com/iliadmitriev/go-user-test/internal/config/config.go:39.2,39.12 1 0
github.com/iliadmitriev/go-user-test/internal/handler/user.go:26.57,31.2 4 1
github.com/iliadmitriev/go-user-test/internal/handler/user.go:33.82,36.20 3 0
github.com/iliadmitriev/go-user-test/internal/handler/user.go:36.20,39.3 2 0
github.com/iliadmitriev/go-user-test/internal/handler/user.go:41.2,41.54 1 0
github.com/iliadmitriev/go-user-test/internal/handler/user.go:41.54,44.3 2 0
github.com/iliadmitriev/go-user-test/internal/handler/user.go:46.2,47.16 2 0
github.com/iliadmitriev/go-user-test/internal/handler/user.go:47.16,50.3 2 0
github.com/iliadmitriev/go-user-test/internal/handler/user.go:52.2,52.40 1 0
github.com/iliadmitriev/go-user-test/internal/handler/user.go:55.81,59.45 3 1
github.com/iliadmitriev/go-user-test/internal/handler/user.go:59.45,62.3 2 1
github.com/iliadmitriev/go-user-test/internal/handler/user.go:64.2,64.16 1 1
github.com/iliadmitriev/go-user-test/internal/handler/user.go:64.16,67.3 2 1
github.com/iliadmitriev/go-user-test/internal/handler/user.go:69.2,69.35 1 1
github.com/iliadmitriev/go-user-test/internal/handler/user.go:72.64,77.2 4 1
github.com/iliadmitriev/go-user-test/internal/handler/user.go:79.65,84.2 4 1
github.com/iliadmitriev/go-user-test/internal/handler/user.go:86.84,90.2 1 1
github.com/iliadmitriev/go-user-test/internal/mocks/UserRepository.go:21.61,23.2 1 0
github.com/iliadmitriev/go-user-test/internal/mocks/UserRepository.go:26.84,29.19 2 0
github.com/iliadmitriev/go-user-test/internal/mocks/UserRepository.go:29.19,30.52 1 0
github.com/iliadmitriev/go-user-test/internal/mocks/UserRepository.go:33.2,34.74 2 0
github.com/iliadmitriev/go-user-test/internal/mocks/UserRepository.go:34.74,36.3 1 0
github.com/iliadmitriev/go-user-test/internal/mocks/UserRepository.go:36.8,38.3 1 0
github.com/iliadmitriev/go-user-test/internal/mocks/UserRepository.go:40.2,40.11 1 0
github.com/iliadmitriev/go-user-test/internal/mocks/UserRepository.go:51.114,53.2 1 0
github.com/iliadmitriev/go-user-test/internal/mocks/UserRepository.go:55.129,56.40 1 0
github.com/iliadmitriev/go-user-test/internal/mocks/UserRepository.go:56.40,58.3 1 0
github.com/iliadmitriev/go-user-test/internal/mocks/UserRepository.go:59.2,59.11 1 0
github.com/iliadmitriev/go-user-test/internal/mocks/UserRepository.go:62.93,65.2 2 0
github.com/iliadmitriev/go-user-test/internal/mocks/UserRepository.go:67.135,70.2 2 0
github.com/iliadmitriev/go-user-test/internal/mocks/UserRepository.go:73.92,76.19 2 0
github.com/iliadmitriev/go-user-test/internal/mocks/UserRepository.go:76.19,77.49 1 0
github.com/iliadmitriev/go-user-test/internal/mocks/UserRepository.go:80.2,82.84 3 0
github.com/iliadmitriev/go-user-test/internal/mocks/UserRepository.go:82.84,84.3 1 0
github.com/iliadmitriev/go-user-test/internal/mocks/UserRepository.go:85.2,85.75 1 0
github.com/iliadmitriev/go-user-test/internal/mocks/UserRepository.go:85.75,87.3 1 0
github.com/iliadmitriev/go-user-test/internal/mocks/UserRepository.go:87.8,88.24 1 0
github.com/iliadmitriev/go-user-test/internal/mocks/UserRepository.go:88.24,90.4 1 0
github.com/iliadmitriev/go-user-test/internal/mocks/UserRepository.go:93.2,93.68 1 0
github.com/iliadmitriev/go-user-test/internal/mocks/UserRepository.go:93.68,95.3 1 0
github.com/iliadmitriev/go-user-test/internal/mocks/UserRepository.go:95.8,97.3 1 0
github.com/iliadmitriev/go-user-test/internal/mocks/UserRepository.go:99.2,99.15 1 0
github.com/iliadmitriev/go-user-test/internal/mocks/UserRepository.go:110.109,112.2 1 0
github.com/iliadmitriev/go-user-test/internal/mocks/UserRepository.go:114.118,115.40 1 0
github.com/iliadmitriev/go-user-test/internal/mocks/UserRepository.go:115.40,117.3 1 0
github.com/iliadmitriev/go-user-test/internal/mocks/UserRepository.go:118.2,118.11 1 0
github.com/iliadmitriev/go-user-test/internal/mocks/UserRepository.go:121.105,124.2 2 0
github.com/iliadmitriev/go-user-test/internal/mocks/UserRepository.go:126.139,129.2 2 0
github.com/iliadmitriev/go-user-test/internal/mocks/UserRepository.go:136.20,140.19 3 0
github.com/iliadmitriev/go-user-test/internal/mocks/UserRepository.go:140.19,140.49 1 0
github.com/iliadmitriev/go-user-test/internal/mocks/UserRepository.go:142.2,142.13 1 0
github.com/iliadmitriev/go-user-test/internal/repository/user_sqlite.go:21.31,23.2 1 1
github.com/iliadmitriev/go-user-test/internal/repository/user_sqlite.go:36.83,38.16 2 1
github.com/iliadmitriev/go-user-test/internal/repository/user_sqlite.go:38.16,40.3 1 1
github.com/iliadmitriev/go-user-test/internal/repository/user_sqlite.go:42.2,44.103 3 1
github.com/iliadmitriev/go-user-test/internal/repository/user_sqlite.go:44.103,45.36 1 1
github.com/iliadmitriev/go-user-test/internal/repository/user_sqlite.go:45.36,47.4 1 1
github.com/iliadmitriev/go-user-test/internal/repository/user_sqlite.go:49.3,49.18 1 1
github.com/iliadmitriev/go-user-test/internal/repository/user_sqlite.go:52.2,52.19 1 1
github.com/iliadmitriev/go-user-test/internal/repository/user_sqlite.go:55.75,57.16 2 0
github.com/iliadmitriev/go-user-test/internal/repository/user_sqlite.go:57.16,59.3 1 0
github.com/iliadmitriev/go-user-test/internal/repository/user_sqlite.go:60.2,60.12 1 0
github.com/iliadmitriev/go-user-test/internal/server/server.go:25.28,26.23 1 0
github.com/iliadmitriev/go-user-test/internal/server/server.go:26.23,29.77 2 0
github.com/iliadmitriev/go-user-test/internal/server/server.go:29.77,32.4 2 0
github.com/iliadmitriev/go-user-test/internal/server/server.go:34.3,34.60 1 0
github.com/iliadmitriev/go-user-test/internal/server/server.go:38.56,41.2 2 0
github.com/iliadmitriev/go-user-test/internal/server/server.go:43.110,52.2 2 0
github.com/iliadmitriev/go-user-test/internal/service/user.go:27.101,29.16 2 1
github.com/iliadmitriev/go-user-test/internal/service/user.go:29.16,30.49 1 1
github.com/iliadmitriev/go-user-test/internal/service/user.go:30.49,32.4 1 1
github.com/iliadmitriev/go-user-test/internal/service/user.go:32.9,34.4 1 1
github.com/iliadmitriev/go-user-test/internal/service/user.go:37.2,43.8 1 1
github.com/iliadmitriev/go-user-test/internal/service/user.go:46.111,47.79 1 0
github.com/iliadmitriev/go-user-test/internal/service/user.go:47.79,49.3 1 0
github.com/iliadmitriev/go-user-test/internal/service/user.go:51.2,62.77 3 0
github.com/iliadmitriev/go-user-test/internal/service/user.go:62.77,64.3 1 0
github.com/iliadmitriev/go-user-test/internal/service/user.go:66.2,66.49 1 0
github.com/iliadmitriev/go-user-test/internal/service/user.go:69.84,73.2 1 1
